<?xml version="1.0" encoding="UTF-8"?>
<!-- Generated by org.testng.reporters.JUnitReportReporter -->
<testsuite hostname="EDDY" failures="0" tests="1" name="InterviewQuestion" time="32.953" errors="0" timestamp="2023-03-23T08:53:24 CDT" skipped="0">
  <testcase classname="InterviewQuestion" name="dynamicWebTable" time="32.953"/>
  <system-out/>
</testsuite> <!-- InterviewQuestion -->
